[debug] [2023-01-06T07:03:03.910Z] ----------------------------------------------------------------------
[debug] [2023-01-06T07:03:03.916Z] Command:       C:\Program Files\nodejs\node.exe C:\Users\Lenovo\AppData\Roaming\npm\node_modules\firebase-tools\lib\bin\firebase.js init
[debug] [2023-01-06T07:03:03.917Z] CLI Version:   11.20.0
[debug] [2023-01-06T07:03:03.918Z] Platform:      win32
[debug] [2023-01-06T07:03:03.918Z] Node Version:  v16.13.0
[debug] [2023-01-06T07:03:03.920Z] Time:          Fri Jan 06 2023 01:03:03 GMT-0600 (hora estándar central)
[debug] [2023-01-06T07:03:03.921Z] ----------------------------------------------------------------------
[debug] 
[debug] [2023-01-06T07:03:03.929Z] >>> [apiv2][query] GET https://firebase-public.firebaseio.com/cli.json [none]
[debug] [2023-01-06T07:03:03.979Z] > command requires scopes: ["email","openid","https://www.googleapis.com/auth/cloudplatformprojects.readonly","https://www.googleapis.com/auth/firebase","https://www.googleapis.com/auth/cloud-platform"]
[debug] [2023-01-06T07:03:03.980Z] > authorizing via signed-in user (UTTI202025@utvco.edu.mx)
[info] 
     ######## #### ########  ######## ########     ###     ######  ########
     ##        ##  ##     ## ##       ##     ##  ##   ##  ##       ##
     ######    ##  ########  ######   ########  #########  ######  ######
     ##        ##  ##    ##  ##       ##     ## ##     ##       ## ##
     ##       #### ##     ## ######## ########  ##     ##  ######  ########

You're about to initialize a Firebase project in this directory:

  C:\Users\Lenovo\OneDrive\Documentos\GitHub\visas-americanas

[debug] [2023-01-06T07:03:05.249Z] <<< [apiv2][status] GET https://firebase-public.firebaseio.com/cli.json 200
[debug] [2023-01-06T07:03:05.250Z] <<< [apiv2][body] GET https://firebase-public.firebaseio.com/cli.json {"cloudBuildErrorAfter":1594252800000,"cloudBuildWarnAfter":1590019200000,"defaultNode10After":1594252800000,"minVersion":"3.0.5","node8DeploysDisabledAfter":1613390400000,"node8RuntimeDisabledAfter":1615809600000,"node8WarnAfter":1600128000000}
